#
# There is insufficient memory for the Java Runtime Environment to continue.
# Native memory allocation (malloc) failed to allocate 1048576 bytes. Error detail: AllocateHeap
# Possible reasons:
#   The system is out of physical RAM or swap space
#   This process is running with CompressedOops enabled, and the Java Heap may be blocking the growth of the native heap
# Possible solutions:
#   Reduce memory load on the system
#   Increase physical memory or swap space
#   Check if swap backing store is full
#   Decrease Java heap size (-Xmx/-Xms)
#   Decrease number of Java threads
#   Decrease Java thread stack sizes (-Xss)
#   Set larger code cache with -XX:ReservedCodeCacheSize=
#   JVM is running with Unscaled Compressed Oops mode in which the Java heap is
#     placed in the first 4GB address space. The Java Heap base address is the
#     maximum limit for the native heap growth. Please use -XX:HeapBaseMinAddress
#     to set the Java Heap base and to place the Java Heap above 4GB virtual address.
# This output file may be truncated or incomplete.
#
#  Out of Memory Error (allocation.cpp:44), pid=24516, tid=26492
#
# JRE version: OpenJDK Runtime Environment Temurin-21.0.10+7 (21.0.10+7) (build 21.0.10+7-LTS)
# Java VM: OpenJDK 64-Bit Server VM Temurin-21.0.10+7 (21.0.10+7-LTS, mixed mode, sharing, tiered, compressed oops, compressed class ptrs, parallel gc, windows-amd64)
# No core dump will be written. Minidumps are not enabled by default on client versions of Windows
#

---------------  S U M M A R Y ------------

Command Line: --add-modules=ALL-SYSTEM --add-opens=java.base/java.util=ALL-UNNAMED --add-opens=java.base/java.lang=ALL-UNNAMED --add-opens=java.base/sun.nio.fs=ALL-UNNAMED -Declipse.application=org.eclipse.jdt.ls.core.id1 -Dosgi.bundles.defaultStartLevel=4 -Declipse.product=org.eclipse.jdt.ls.core.product -Djava.import.generatesMetadataFilesAtProjectRoot=false -DDetectVMInstallationsJob.disabled=true -Dfile.encoding=utf8 -XX:+UseParallelGC -XX:GCTimeRatio=4 -XX:AdaptiveSizePolicyWeight=90 -Dsun.zip.disableMemoryMapping=true -Xmx2G -Xms100m -Xlog:disable -javaagent:c:\Users\NGOC LINH\.antigravity\extensions\redhat.java-1.53.0-win32-x64\lombok\lombok-1.18.39-4050.jar -XX:+HeapDumpOnOutOfMemoryError -XX:HeapDumpPath=c:\Users\NGOC LINH\AppData\Roaming\Antigravity\User\workspaceStorage\9814f86777a331f84de4230b4e021a05\redhat.java -Daether.dependencyCollector.impl=bf c:\Users\NGOC LINH\.antigravity\extensions\redhat.java-1.53.0-win32-x64\server\plugins\org.eclipse.equinox.launcher_1.7.100.v20251111-0406.jar -configuration c:\Users\NGOC LINH\AppData\Roaming\Antigravity\User\globalStorage\redhat.java\1.53.0\config_win -data c:\Users\NGOC LINH\AppData\Roaming\Antigravity\User\workspaceStorage\9814f86777a331f84de4230b4e021a05\redhat.java\jdt_ws --pipe=\\.\pipe\lsp-d1b3eecdb5c9d6df7b60b47da814fff9-sock

Host: 12th Gen Intel(R) Core(TM) i5-12450H, 12 cores, 7G,  Windows 11 , 64 bit Build 26100 (10.0.26100.7920)
Time: Tue Apr 14 00:05:47 2026 SE Asia Standard Time elapsed time: 8580.509776 seconds (0d 2h 23m 0s)

---------------  T H R E A D  ---------------

Current thread (0x0000019775ec6f70):  JavaThread "Attach Listener" daemon [_thread_in_vm, id=26492, stack(0x0000000c09100000,0x0000000c09200000) (1024K)]

Stack: [0x0000000c09100000,0x0000000c09200000]
Native frames: (J=compiled Java code, j=interpreted, Vv=VM code, C=native code)
V  [jvm.dll+0x6d7a39]
V  [jvm.dll+0x8b4b26]
V  [jvm.dll+0x8b70de]
V  [jvm.dll+0x8b77c3]
V  [jvm.dll+0x284346]
V  [jvm.dll+0xc1277]
V  [jvm.dll+0x6d82e9]
V  [jvm.dll+0x1334a6]
V  [jvm.dll+0x3f857e]
V  [jvm.dll+0x85f59d]
V  [jvm.dll+0x6d626d]
C  [ucrtbase.dll+0x37b0]
C  [KERNEL32.DLL+0x2e8d7]
C  [ntdll.dll+0x8c48c]


---------------  P R O C E S S  ---------------

Threads class SMR info:
_java_thread_list=0x000001975876e130, length=45, elements={
0x000001977392ade0, 0x0000019775ebef40, 0x0000019775ec2f50, 0x0000019775ec62b0,
0x0000019775ec6f70, 0x0000019775ec9eb0, 0x0000019775ec8ef0, 0x0000019775ecdb80,
0x000001977ea83800, 0x000001977ecaac60, 0x000001977edba1d0, 0x000001975473f7c0,
0x000001975464f6b0, 0x000001977ec026f0, 0x00000197548806f0, 0x0000019754cafec0,
0x00000197543638e0, 0x0000019754976440, 0x0000019754f92980, 0x0000019754f94a50,
0x0000019754f93010, 0x0000019754f950e0, 0x0000019754f95770, 0x0000019756e5d300,
0x0000019756e5aba0, 0x0000019756e5cc70, 0x0000019756e5b8c0, 0x0000019756e5d990,
0x0000019756e5c5e0, 0x0000019756e5a510, 0x0000019756e5e020, 0x0000019756e5bf50,
0x0000019756e5e6b0, 0x0000019756e5b230, 0x0000019756e60e10, 0x0000019756e61b30,
0x00000197552e98d0, 0x00000197561c3350, 0x00000197561c4070, 0x00000197561c1910,
0x00000197561c1280, 0x00000197561c4d90, 0x00000197561c6140, 0x00000197561c2cc0,
0x00000197561c6e60
}

Java Threads: ( => current thread )
  0x000001977392ade0 JavaThread "main"                              [_thread_blocked, id=6260, stack(0x0000000c08a00000,0x0000000c08b00000) (1024K)]
  0x0000019775ebef40 JavaThread "Reference Handler"          daemon [_thread_blocked, id=12796, stack(0x0000000c08e00000,0x0000000c08f00000) (1024K)]
  0x0000019775ec2f50 JavaThread "Finalizer"                  daemon [_thread_blocked, id=3628, stack(0x0000000c08f00000,0x0000000c09000000) (1024K)]
  0x0000019775ec62b0 JavaThread "Signal Dispatcher"          daemon [_thread_blocked, id=1976, stack(0x0000000c09000000,0x0000000c09100000) (1024K)]
=>0x0000019775ec6f70 JavaThread "Attach Listener"            daemon [_thread_in_vm, id=26492, stack(0x0000000c09100000,0x0000000c09200000) (1024K)]
  0x0000019775ec9eb0 JavaThread "Service Thread"             daemon [_thread_blocked, id=27220, stack(0x0000000c09200000,0x0000000c09300000) (1024K)]
  0x0000019775ec8ef0 JavaThread "Monitor Deflation Thread"   daemon [_thread_blocked, id=17372, stack(0x0000000c09300000,0x0000000c09400000) (1024K)]
  0x0000019775ecdb80 JavaThread "C2 CompilerThread0"         daemon [_thread_blocked, id=20756, stack(0x0000000c09400000,0x0000000c09500000) (1024K)]
  0x000001977ea83800 JavaThread "C1 CompilerThread0"         daemon [_thread_blocked, id=15288, stack(0x0000000c09500000,0x0000000c09600000) (1024K)]
  0x000001977ecaac60 JavaThread "Common-Cleaner"             daemon [_thread_blocked, id=16268, stack(0x0000000c09600000,0x0000000c09700000) (1024K)]
  0x000001977edba1d0 JavaThread "Notification Thread"        daemon [_thread_blocked, id=9456, stack(0x0000000c09800000,0x0000000c09900000) (1024K)]
  0x000001975473f7c0 JavaThread "Active Thread: Equinox Container: 462525eb-fa1d-4cb4-b2dc-2ec7533f1ae0"        [_thread_blocked, id=8256, stack(0x0000000c09f00000,0x0000000c0a000000) (1024K)]
  0x000001975464f6b0 JavaThread "Refresh Thread: Equinox Container: 462525eb-fa1d-4cb4-b2dc-2ec7533f1ae0" daemon [_thread_blocked, id=18252, stack(0x0000000c0a100000,0x0000000c0a200000) (1024K)]
  0x000001977ec026f0 JavaThread "Framework Event Dispatcher: Equinox Container: 462525eb-fa1d-4cb4-b2dc-2ec7533f1ae0" daemon [_thread_blocked, id=26436, stack(0x0000000c0a200000,0x0000000c0a300000) (1024K)]
  0x00000197548806f0 JavaThread "Start Level: Equinox Container: 462525eb-fa1d-4cb4-b2dc-2ec7533f1ae0" daemon [_thread_blocked, id=2248, stack(0x0000000c0a300000,0x0000000c0a400000) (1024K)]
  0x0000019754cafec0 JavaThread "Bundle File Closer"         daemon [_thread_blocked, id=25760, stack(0x0000000c0a600000,0x0000000c0a700000) (1024K)]
  0x00000197543638e0 JavaThread "SCR Component Actor"        daemon [_thread_blocked, id=20300, stack(0x0000000c0a000000,0x0000000c0a100000) (1024K)]
  0x0000019754976440 JavaThread "Worker-JM"                         [_thread_blocked, id=16200, stack(0x0000000c0a900000,0x0000000c0aa00000) (1024K)]
  0x0000019754f92980 JavaThread "JNA Cleaner"                daemon [_thread_blocked, id=25376, stack(0x0000000c0aa00000,0x0000000c0ab00000) (1024K)]
  0x0000019754f94a50 JavaThread "Java indexing"              daemon [_thread_blocked, id=13760, stack(0x0000000c0ad00000,0x0000000c0ae00000) (1024K)]
  0x0000019754f93010 JavaThread "Thread-1"                   daemon [_thread_in_native, id=10488, stack(0x0000000c0b200000,0x0000000c0b300000) (1024K)]
  0x0000019754f950e0 JavaThread "Thread-2"                   daemon [_thread_in_native, id=12980, stack(0x0000000c0b300000,0x0000000c0b400000) (1024K)]
  0x0000019754f95770 JavaThread "Thread-3"                   daemon [_thread_in_native, id=10268, stack(0x0000000c0b400000,0x0000000c0b500000) (1024K)]
  0x0000019756e5d300 JavaThread "Thread-4"                   daemon [_thread_in_native, id=6412, stack(0x0000000c0b500000,0x0000000c0b600000) (1024K)]
  0x0000019756e5aba0 JavaThread "Thread-5"                   daemon [_thread_in_native, id=20748, stack(0x0000000c0b600000,0x0000000c0b700000) (1024K)]
  0x0000019756e5cc70 JavaThread "Thread-6"                   daemon [_thread_in_native, id=12416, stack(0x0000000c0b700000,0x0000000c0b800000) (1024K)]
  0x0000019756e5b8c0 JavaThread "Thread-7"                   daemon [_thread_in_native, id=14428, stack(0x0000000c0b800000,0x0000000c0b900000) (1024K)]
  0x0000019756e5d990 JavaThread "Thread-8"                   daemon [_thread_in_native, id=10464, stack(0x0000000c0b900000,0x0000000c0ba00000) (1024K)]
  0x0000019756e5c5e0 JavaThread "Thread-9"                   daemon [_thread_in_native, id=11484, stack(0x0000000c0ba00000,0x0000000c0bb00000) (1024K)]
  0x0000019756e5a510 JavaThread "Thread-10"                  daemon [_thread_in_native, id=1664, stack(0x0000000c0bb00000,0x0000000c0bc00000) (1024K)]
  0x0000019756e5e020 JavaThread "Thread-11"                  daemon [_thread_in_native, id=12420, stack(0x0000000c0bc00000,0x0000000c0bd00000) (1024K)]
  0x0000019756e5bf50 JavaThread "Thread-12"                  daemon [_thread_in_native, id=25964, stack(0x0000000c0bd00000,0x0000000c0be00000) (1024K)]
  0x0000019756e5e6b0 JavaThread "Thread-13"                  daemon [_thread_in_native, id=13288, stack(0x0000000c0be00000,0x0000000c0bf00000) (1024K)]
  0x0000019756e5b230 JavaThread "pool-2-thread-1"                   [_thread_blocked, id=1520, stack(0x0000000c0bf00000,0x0000000c0c000000) (1024K)]
  0x0000019756e60e10 JavaThread "WorkspaceEventsHandler"            [_thread_blocked, id=21344, stack(0x0000000c0c000000,0x0000000c0c100000) (1024K)]
  0x0000019756e61b30 JavaThread "pool-1-thread-1"                   [_thread_blocked, id=17316, stack(0x0000000c0c100000,0x0000000c0c200000) (1024K)]
  0x00000197552e98d0 JavaThread "Cleaner-0"                  daemon [_thread_blocked, id=24624, stack(0x0000000c0c600000,0x0000000c0c700000) (1024K)]
  0x00000197561c3350 JavaThread "Worker-8"                          [_thread_blocked, id=25708, stack(0x0000000c0c900000,0x0000000c0ca00000) (1024K)]
  0x00000197561c4070 JavaThread "Worker-13"                         [_thread_blocked, id=15468, stack(0x0000000c0b100000,0x0000000c0b200000) (1024K)]
  0x00000197561c1910 JavaThread "ForkJoinPool.commonPool-worker-41" daemon [_thread_blocked, id=7940, stack(0x0000000c08700000,0x0000000c08800000) (1024K)]
  0x00000197561c1280 JavaThread "ForkJoinPool.commonPool-worker-43" daemon [_thread_blocked, id=26528, stack(0x0000000c08900000,0x0000000c08a00000) (1024K)]
  0x00000197561c4d90 JavaThread "ForkJoinPool.commonPool-worker-44" daemon [_thread_blocked, id=21516, stack(0x0000000c0a700000,0x0000000c0a800000) (1024K)]
  0x00000197561c6140 JavaThread "ForkJoinPool.commonPool-worker-46" daemon [_thread_blocked, id=4384, stack(0x0000000c0ab00000,0x0000000c0ac00000) (1024K)]
  0x00000197561c2cc0 JavaThread "ForkJoinPool.commonPool-worker-47" daemon [_thread_blocked, id=6572, stack(0x0000000c0ae00000,0x0000000c0af00000) (1024K)]
  0x00000197561c6e60 JavaThread "ForkJoinPool.commonPool-worker-48" daemon [_thread_blocked, id=19680, stack(0x0000000c0af00000,0x0000000c0b000000) (1024K)]
Total: 45

Other Threads:
  0x000001977d6049c0 VMThread "VM Thread"                           [id=17608, stack(0x0000000c08d00000,0x0000000c08e00000) (1024K)]
  0x000001977d4fca00 WatcherThread "VM Periodic Task Thread"        [id=27160, stack(0x0000000c08c00000,0x0000000c08d00000) (1024K)]
  0x0000019775e3bbc0 WorkerThread "GC Thread#0"                     [id=16896, stack(0x0000000c08b00000,0x0000000c08c00000) (1024K)]
  0x000001975458aac0 WorkerThread "GC Thread#1"                     [id=9068, stack(0x0000000c09900000,0x0000000c09a00000) (1024K)]
  0x000001975458ae70 WorkerThread "GC Thread#2"                     [id=18348, stack(0x0000000c09a00000,0x0000000c09b00000) (1024K)]
  0x00000197547d5070 WorkerThread "GC Thread#3"                     [id=21660, stack(0x0000000c09b00000,0x0000000c09c00000) (1024K)]
  0x00000197547d5420 WorkerThread "GC Thread#4"                     [id=4600, stack(0x0000000c09c00000,0x0000000c09d00000) (1024K)]
  0x00000197547d57d0 WorkerThread "GC Thread#5"                     [id=27340, stack(0x0000000c09d00000,0x0000000c09e00000) (1024K)]
  0x00000197547d5b80 WorkerThread "GC Thread#6"                     [id=24456, stack(0x0000000c09e00000,0x0000000c09f00000) (1024K)]
  0x0000019754872e80 WorkerThread "GC Thread#7"                     [id=3396, stack(0x0000000c09700000,0x0000000c09800000) (1024K)]
  0x000001975452edf0 WorkerThread "GC Thread#8"                     [id=13704, stack(0x0000000c0a400000,0x0000000c0a500000) (1024K)]
  0x000001975452f1a0 WorkerThread "GC Thread#9"                     [id=26812, stack(0x0000000c0a500000,0x0000000c0a600000) (1024K)]
Total: 12

Threads with active compile tasks:
Total: 0

VM state: not at safepoint (normal execution)

VM Mutex/Monitor currently owned by a thread: None

Heap address: 0x0000000080000000, size: 2048 MB, Compressed Oops mode: 32-bit

CDS archive(s) mapped at: [0x000001970f000000-0x000001970fba0000-0x000001970fba0000), size 12189696, SharedBaseAddress: 0x000001970f000000, ArchiveRelocationMode: 1.
Compressed class space mapped at: 0x0000019710000000-0x0000019750000000, reserved size: 1073741824
Narrow klass base: 0x000001970f000000, Narrow klass shift: 0, Narrow klass range: 0x100000000

GC Precious Log:
 CardTable entry size: 512
 CPUs: 12 total, 12 available
 Memory: 7813M
 Large Page Support: Disabled
 NUMA Support: Disabled
 Compressed Oops: Enabled (32-bit)
 Alignments: Space 512K, Generation 512K, Heap 2M
 Heap Min Capacity: 100M
 Heap Initial Capacity: 100M
 Heap Max Capacity: 2G
 Pre-touch: Disabled
 Parallel Workers: 10

Heap:
 PSYoungGen      total 7680K, used 2950K [0x00000000d5580000, 0x00000000d6200000, 0x0000000100000000)
  eden space 6656K, 31% used [0x00000000d5580000,0x00000000d5789a98,0x00000000d5c00000)
  from space 1024K, 84% used [0x00000000d6100000,0x00000000d61d8000,0x00000000d6200000)
  to   space 1536K, 0% used [0x00000000d5f00000,0x00000000d5f00000,0x00000000d6080000)
 ParOldGen       total 623616K, used 623382K [0x0000000080000000, 0x00000000a6100000, 0x00000000d5580000)
  object space 623616K, 99% used [0x0000000080000000,0x00000000a60c5918,0x00000000a6100000)
 Metaspace       used 99376K, committed 101120K, reserved 1179648K
  class space    used 10206K, committed 11072K, reserved 1048576K

Card table byte_map: [0x00000197756d0000,0x0000019775ae0000] _byte_map_base: 0x00000197752d0000

Marking Bits: (ParMarkBitMap*) 0x00007fff9dc03450
 Begin Bits: [0x0000019779020000, 0x000001977b020000)
 End Bits:   [0x000001977b020000, 0x000001977d020000)

Polling page: 0x0000019773b70000

Metaspace:

Usage:
  Non-class:     87.08 MB used.
      Class:      9.97 MB used.
       Both:     97.05 MB used.

Virtual space:
  Non-class space:      128.00 MB reserved,      87.94 MB ( 69%) committed,  2 nodes.
      Class space:        1.00 GB reserved,      10.81 MB (  1%) committed,  1 nodes.
             Both:        1.12 GB reserved,      98.75 MB (  9%) committed. 

Chunk freelists:
   Non-Class:  7.81 MB
       Class:  5.19 MB
        Both:  13.00 MB

MaxMetaspaceSize: unlimited
CompressedClassSpaceSize: 1.00 GB
Initial GC threshold: 21.00 MB
Current GC threshold: 163.44 MB
CDS: on
 - commit_granule_bytes: 65536.
 - commit_granule_words: 8192.
 - virtual_space_node_default_size: 8388608.
 - enlarge_chunks_in_place: 1.
 - use_allocation_guard: 0.


Internal statistics:

num_allocs_failed_limit: 9.
num_arena_births: 1962.
num_arena_deaths: 412.
num_vsnodes_births: 3.
num_vsnodes_deaths: 0.
num_space_committed: 1579.
num_space_uncommitted: 0.
num_chunks_returned_to_freelist: 502.
num_chunks_taken_from_freelist: 7044.
num_chunk_merges: 144.
num_chunk_splits: 4118.
num_chunks_enlarged: 2314.
num_inconsistent_stats: 0.

CodeHeap 'non-profiled nmethods': size=120000Kb used=24218Kb max_used=27360Kb free=95782Kb
 bounds [0x0000019707ad0000, 0x0000019709590000, 0x000001970f000000]
CodeHeap 'profiled nmethods': size=120000Kb used=44170Kb max_used=53438Kb free=75829Kb
 bounds [0x0000019700000000, 0x0000019703430000, 0x0000019707530000]
CodeHeap 'non-nmethods': size=5760Kb used=1559Kb max_used=1638Kb free=4200Kb
 bounds [0x0000019707530000, 0x00000197077a0000, 0x0000019707ad0000]
CodeCache: size=245760Kb, used=69947Kb, max_used=82436Kb, free=175811Kb
 total_blobs=20341, nmethods=19457, adapters=784, full_count=0
Compilation: enabled, stopped_count=0, restarted_count=0

Compilation events (20 events):
Event: 8423.458 Thread 0x000001977ea83800 nmethod 27332 0x0000019700f48d10 code [0x0000019700f48ee0, 0x0000019700f491e8]
Event: 8423.462 Thread 0x000001977ea83800 27333       3       org.eclipse.text.edits.TextEdit::covers (59 bytes)
Event: 8423.462 Thread 0x000001977ea83800 nmethod 27333 0x0000019700f4cb10 code [0x0000019700f4cd40, 0x0000019700f4d548]
Event: 8423.464 Thread 0x0000019775ecdb80 nmethod 27327 0x0000019707b11990 code [0x0000019707b11c00, 0x0000019707b124e0]
Event: 8423.464 Thread 0x0000019775ecdb80 27330       4       lombok.eclipse.handlers.SetGeneratedByVisitor::visit (22 bytes)
Event: 8423.465 Thread 0x0000019775ecdb80 nmethod 27330 0x0000019707e6ba10 code [0x0000019707e6bba0, 0x0000019707e6bcd0]
Event: 8447.005 Thread 0x000001977ea83800 27334       3       java.util.HashMap$ValueSpliterator::forEachRemaining (186 bytes)
Event: 8447.006 Thread 0x000001977ea83800 nmethod 27334 0x000001970030f710 code [0x000001970030f920, 0x00000197003100e8]
Event: 8447.307 Thread 0x000001977ea83800 27335       3       org.eclipse.jdt.internal.codeassist.select.SelectionParser::consumeMemberValuePair (128 bytes)
Event: 8447.307 Thread 0x000001977ea83800 nmethod 27335 0x0000019701122d90 code [0x0000019701122fa0, 0x0000019701123540]
Event: 8447.368 Thread 0x000001977ea83800 27336       3       org.eclipse.jdt.internal.compiler.util.HashtableOfLong::put (105 bytes)
Event: 8447.369 Thread 0x000001977ea83800 nmethod 27336 0x0000019700b3cd90 code [0x0000019700b3cf80, 0x0000019700b3d5b8]
Event: 8447.369 Thread 0x000001977ea83800 27337       3       org.eclipse.jdt.internal.core.search.matching.OrLocator::match (63 bytes)
Event: 8447.369 Thread 0x000001977ea83800 nmethod 27337 0x0000019700f56e90 code [0x0000019700f57060, 0x0000019700f573e8]
Event: 8447.369 Thread 0x000001977ea83800 27338       3       org.eclipse.jdt.internal.core.search.matching.TypeReferenceLocator::match (10 bytes)
Event: 8447.369 Thread 0x000001977ea83800 nmethod 27338 0x000001970064d710 code [0x000001970064d8c0, 0x000001970064da18]
Event: 8447.369 Thread 0x000001977ea83800 27339       1       org.eclipse.jdt.internal.core.search.matching.PatternLocator::match (2 bytes)
Event: 8447.369 Thread 0x000001977ea83800 nmethod 27339 0x000001970806f310 code [0x000001970806f4a0, 0x000001970806f568]
Event: 8447.369 Thread 0x000001977ea83800 27340       3       org.eclipse.jdt.internal.core.search.matching.MatchLocatorParser::consumeTypeArguments (64 bytes)
Event: 8447.370 Thread 0x000001977ea83800 nmethod 27340 0x00000197011e3510 code [0x00000197011e3700, 0x00000197011e3d00]

GC Heap History (20 events):
Event: 8423.431 GC heap before
{Heap before GC invocations=1934 (full 6):
 PSYoungGen      total 9216K, used 8596K [0x00000000d5580000, 0x00000000d6380000, 0x0000000100000000)
  eden space 5120K, 100% used [0x00000000d5580000,0x00000000d5a80000,0x00000000d5a80000)
  from space 4096K, 84% used [0x00000000d5f80000,0x00000000d62e5200,0x00000000d6380000)
  to   space 4608K, 0% used [0x00000000d5a80000,0x00000000d5a80000,0x00000000d5f00000)
 ParOldGen       total 608768K, used 608484K [0x0000000080000000, 0x00000000a5280000, 0x00000000d5580000)
  object space 608768K, 99% used [0x0000000080000000,0x00000000a5239298,0x00000000a5280000)
 Metaspace       used 99369K, committed 101120K, reserved 1179648K
  class space    used 10206K, committed 11072K, reserved 1048576K
}
Event: 8423.435 GC heap after
{Heap after GC invocations=1934 (full 6):
 PSYoungGen      total 6144K, used 768K [0x00000000d5580000, 0x00000000d6000000, 0x0000000100000000)
  eden space 5120K, 0% used [0x00000000d5580000,0x00000000d5580000,0x00000000d5a80000)
  from space 1024K, 75% used [0x00000000d5a80000,0x00000000d5b40000,0x00000000d5b80000)
  to   space 2048K, 0% used [0x00000000d5e00000,0x00000000d5e00000,0x00000000d6000000)
 ParOldGen       total 611840K, used 611832K [0x0000000080000000, 0x00000000a5580000, 0x00000000d5580000)
  object space 611840K, 99% used [0x0000000080000000,0x00000000a557e228,0x00000000a5580000)
 Metaspace       used 99369K, committed 101120K, reserved 1179648K
  class space    used 10206K, committed 11072K, reserved 1048576K
}
Event: 8423.439 GC heap before
{Heap before GC invocations=1935 (full 6):
 PSYoungGen      total 6144K, used 5888K [0x00000000d5580000, 0x00000000d6000000, 0x0000000100000000)
  eden space 5120K, 100% used [0x00000000d5580000,0x00000000d5a80000,0x00000000d5a80000)
  from space 1024K, 75% used [0x00000000d5a80000,0x00000000d5b40000,0x00000000d5b80000)
  to   space 2048K, 0% used [0x00000000d5e00000,0x00000000d5e00000,0x00000000d6000000)
 ParOldGen       total 611840K, used 611832K [0x0000000080000000, 0x00000000a5580000, 0x00000000d5580000)
  object space 611840K, 99% used [0x0000000080000000,0x00000000a557e228,0x00000000a5580000)
 Metaspace       used 99369K, committed 101120K, reserved 1179648K
  class space    used 10206K, committed 11072K, reserved 1048576K
}
Event: 8423.440 GC heap after
{Heap after GC invocations=1935 (full 6):
 PSYoungGen      total 7168K, used 736K [0x00000000d5580000, 0x00000000d5f00000, 0x0000000100000000)
  eden space 6144K, 0% used [0x00000000d5580000,0x00000000d5580000,0x00000000d5b80000)
  from space 1024K, 71% used [0x00000000d5e00000,0x00000000d5eb8000,0x00000000d5f00000)
  to   space 1024K, 0% used [0x00000000d5d00000,0x00000000d5d00000,0x00000000d5e00000)
 ParOldGen       total 612864K, used 612536K [0x0000000080000000, 0x00000000a5680000, 0x00000000d5580000)
  object space 612864K, 99% used [0x0000000080000000,0x00000000a562e288,0x00000000a5680000)
 Metaspace       used 99369K, committed 101120K, reserved 1179648K
  class space    used 10206K, committed 11072K, reserved 1048576K
}
Event: 8423.447 GC heap before
{Heap before GC invocations=1936 (full 6):
 PSYoungGen      total 7168K, used 6880K [0x00000000d5580000, 0x00000000d5f00000, 0x0000000100000000)
  eden space 6144K, 100% used [0x00000000d5580000,0x00000000d5b80000,0x00000000d5b80000)
  from space 1024K, 71% used [0x00000000d5e00000,0x00000000d5eb8000,0x00000000d5f00000)
  to   space 1024K, 0% used [0x00000000d5d00000,0x00000000d5d00000,0x00000000d5e00000)
 ParOldGen       total 612864K, used 612536K [0x0000000080000000, 0x00000000a5680000, 0x00000000d5580000)
  object space 612864K, 99% used [0x0000000080000000,0x00000000a562e288,0x00000000a5680000)
 Metaspace       used 99369K, committed 101120K, reserved 1179648K
  class space    used 10206K, committed 11072K, reserved 1048576K
}
Event: 8423.448 GC heap after
{Heap after GC invocations=1936 (full 6):
 PSYoungGen      total 8704K, used 928K [0x00000000d5580000, 0x00000000d5f00000, 0x0000000100000000)
  eden space 7680K, 0% used [0x00000000d5580000,0x00000000d5580000,0x00000000d5d00000)
  from space 1024K, 90% used [0x00000000d5d00000,0x00000000d5de8000,0x00000000d5e00000)
  to   space 1024K, 0% used [0x00000000d5e00000,0x00000000d5e00000,0x00000000d5f00000)
 ParOldGen       total 613376K, used 613072K [0x0000000080000000, 0x00000000a5700000, 0x00000000d5580000)
  object space 613376K, 99% used [0x0000000080000000,0x00000000a56b42e8,0x00000000a5700000)
 Metaspace       used 99369K, committed 101120K, reserved 1179648K
  class space    used 10206K, committed 11072K, reserved 1048576K
}
Event: 8423.459 GC heap before
{Heap before GC invocations=1937 (full 6):
 PSYoungGen      total 8704K, used 8608K [0x00000000d5580000, 0x00000000d5f00000, 0x0000000100000000)
  eden space 7680K, 100% used [0x00000000d5580000,0x00000000d5d00000,0x00000000d5d00000)
  from space 1024K, 90% used [0x00000000d5d00000,0x00000000d5de8000,0x00000000d5e00000)
  to   space 1024K, 0% used [0x00000000d5e00000,0x00000000d5e00000,0x00000000d5f00000)
 ParOldGen       total 613376K, used 613072K [0x0000000080000000, 0x00000000a5700000, 0x00000000d5580000)
  object space 613376K, 99% used [0x0000000080000000,0x00000000a56b42e8,0x00000000a5700000)
 Metaspace       used 99372K, committed 101120K, reserved 1179648K
  class space    used 10206K, committed 11072K, reserved 1048576K
}
Event: 8423.461 GC heap after
{Heap after GC invocations=1937 (full 6):
 PSYoungGen      total 7680K, used 1024K [0x00000000d5580000, 0x00000000d6280000, 0x0000000100000000)
  eden space 6656K, 0% used [0x00000000d5580000,0x00000000d5580000,0x00000000d5c00000)
  from space 1024K, 100% used [0x00000000d5e00000,0x00000000d5f00000,0x00000000d5f00000)
  to   space 2048K, 0% used [0x00000000d5c00000,0x00000000d5c00000,0x00000000d5e00000)
 ParOldGen       total 613888K, used 613856K [0x0000000080000000, 0x00000000a5780000, 0x00000000d5580000)
  object space 613888K, 99% used [0x0000000080000000,0x00000000a5778388,0x00000000a5780000)
 Metaspace       used 99372K, committed 101120K, reserved 1179648K
  class space    used 10206K, committed 11072K, reserved 1048576K
}
Event: 8447.311 GC heap before
{Heap before GC invocations=1938 (full 6):
 PSYoungGen      total 7680K, used 7680K [0x00000000d5580000, 0x00000000d6280000, 0x0000000100000000)
  eden space 6656K, 100% used [0x00000000d5580000,0x00000000d5c00000,0x00000000d5c00000)
  from space 1024K, 100% used [0x00000000d5e00000,0x00000000d5f00000,0x00000000d5f00000)
  to   space 2048K, 0% used [0x00000000d5c00000,0x00000000d5c00000,0x00000000d5e00000)
 ParOldGen       total 613888K, used 613856K [0x0000000080000000, 0x00000000a5780000, 0x00000000d5580000)
  object space 613888K, 99% used [0x0000000080000000,0x00000000a5778388,0x00000000a5780000)
 Metaspace       used 99374K, committed 101120K, reserved 1179648K
  class space    used 10206K, committed 11072K, reserved 1048576K
}
Event: 8447.314 GC heap after
{Heap after GC invocations=1938 (full 6):
 PSYoungGen      total 7680K, used 890K [0x00000000d5580000, 0x00000000d5f00000, 0x0000000100000000)
  eden space 6656K, 0% used [0x00000000d5580000,0x00000000d5580000,0x00000000d5c00000)
  from space 1024K, 86% used [0x00000000d5c00000,0x00000000d5cde900,0x00000000d5d00000)
  to   space 1536K, 0% used [0x00000000d5d80000,0x00000000d5d80000,0x00000000d5f00000)
 ParOldGen       total 614912K, used 614784K [0x0000000080000000, 0x00000000a5880000, 0x00000000d5580000)
  object space 614912K, 99% used [0x0000000080000000,0x00000000a58603d8,0x00000000a5880000)
 Metaspace       used 99374K, committed 101120K, reserved 1179648K
  class space    used 10206K, committed 11072K, reserved 1048576K
}
Event: 8447.323 GC heap before
{Heap before GC invocations=1939 (full 6):
 PSYoungGen      total 7680K, used 7546K [0x00000000d5580000, 0x00000000d5f00000, 0x0000000100000000)
  eden space 6656K, 100% used [0x00000000d5580000,0x00000000d5c00000,0x00000000d5c00000)
  from space 1024K, 86% used [0x00000000d5c00000,0x00000000d5cde900,0x00000000d5d00000)
  to   space 1536K, 0% used [0x00000000d5d80000,0x00000000d5d80000,0x00000000d5f00000)
 ParOldGen       total 614912K, used 614784K [0x0000000080000000, 0x00000000a5880000, 0x00000000d5580000)
  object space 614912K, 99% used [0x0000000080000000,0x00000000a58603d8,0x00000000a5880000)
 Metaspace       used 99374K, committed 101120K, reserved 1179648K
  class space    used 10206K, committed 11072K, reserved 1048576K
}
Event: 8447.324 GC heap after
{Heap after GC invocations=1939 (full 6):
 PSYoungGen      total 7680K, used 810K [0x00000000d5580000, 0x00000000d5e80000, 0x0000000100000000)
  eden space 6656K, 0% used [0x00000000d5580000,0x00000000d5580000,0x00000000d5c00000)
  from space 1024K, 79% used [0x00000000d5d80000,0x00000000d5e4a910,0x00000000d5e80000)
  to   space 1024K, 0% used [0x00000000d5c00000,0x00000000d5c00000,0x00000000d5d00000)
 ParOldGen       total 615936K, used 615480K [0x0000000080000000, 0x00000000a5980000, 0x00000000d5580000)
  object space 615936K, 99% used [0x0000000080000000,0x00000000a590e3a0,0x00000000a5980000)
 Metaspace       used 99374K, committed 101120K, reserved 1179648K
  class space    used 10206K, committed 11072K, reserved 1048576K
}
Event: 8447.337 GC heap before
{Heap before GC invocations=1940 (full 6):
 PSYoungGen      total 7680K, used 7466K [0x00000000d5580000, 0x00000000d5e80000, 0x0000000100000000)
  eden space 6656K, 100% used [0x00000000d5580000,0x00000000d5c00000,0x00000000d5c00000)
  from space 1024K, 79% used [0x00000000d5d80000,0x00000000d5e4a910,0x00000000d5e80000)
  to   space 1024K, 0% used [0x00000000d5c00000,0x00000000d5c00000,0x00000000d5d00000)
 ParOldGen       total 615936K, used 615480K [0x0000000080000000, 0x00000000a5980000, 0x00000000d5580000)
  object space 615936K, 99% used [0x0000000080000000,0x00000000a590e3a0,0x00000000a5980000)
 Metaspace       used 99374K, committed 101120K, reserved 1179648K
  class space    used 10206K, committed 11072K, reserved 1048576K
}
Event: 8447.340 GC heap after
{Heap after GC invocations=1940 (full 6):
 PSYoungGen      total 7680K, used 1012K [0x00000000d5580000, 0x00000000d6a00000, 0x0000000100000000)
  eden space 6656K, 0% used [0x00000000d5580000,0x00000000d5580000,0x00000000d5c00000)
  from space 1024K, 98% used [0x00000000d5c00000,0x00000000d5cfd350,0x00000000d5d00000)
  to   space 7168K, 0% used [0x00000000d6300000,0x00000000d6300000,0x00000000d6a00000)
 ParOldGen       total 620544K, used 620410K [0x0000000080000000, 0x00000000a5e00000, 0x00000000d5580000)
  object space 620544K, 99% used [0x0000000080000000,0x00000000a5dde880,0x00000000a5e00000)
 Metaspace       used 99374K, committed 101120K, reserved 1179648K
  class space    used 10206K, committed 11072K, reserved 1048576K
}
Event: 8447.374 GC heap before
{Heap before GC invocations=1941 (full 6):
 PSYoungGen      total 7680K, used 7668K [0x00000000d5580000, 0x00000000d6a00000, 0x0000000100000000)
  eden space 6656K, 100% used [0x00000000d5580000,0x00000000d5c00000,0x00000000d5c00000)
  from space 1024K, 98% used [0x00000000d5c00000,0x00000000d5cfd350,0x00000000d5d00000)
  to   space 7168K, 0% used [0x00000000d6300000,0x00000000d6300000,0x00000000d6a00000)
 ParOldGen       total 620544K, used 620410K [0x0000000080000000, 0x00000000a5e00000, 0x00000000d5580000)
  object space 620544K, 99% used [0x0000000080000000,0x00000000a5dde880,0x00000000a5e00000)
 Metaspace       used 99376K, committed 101120K, reserved 1179648K
  class space    used 10206K, committed 11072K, reserved 1048576K
}
Event: 8447.376 GC heap after
{Heap after GC invocations=1941 (full 6):
 PSYoungGen      total 10240K, used 3497K [0x00000000d5580000, 0x00000000d6680000, 0x0000000100000000)
  eden space 6656K, 0% used [0x00000000d5580000,0x00000000d5580000,0x00000000d5c00000)
  from space 3584K, 97% used [0x00000000d6300000,0x00000000d666a7d0,0x00000000d6680000)
  to   space 4608K, 0% used [0x00000000d5d80000,0x00000000d5d80000,0x00000000d6200000)
 ParOldGen       total 621568K, used 621436K [0x0000000080000000, 0x00000000a5f00000, 0x00000000d5580000)
  object space 621568K, 99% used [0x0000000080000000,0x00000000a5edf338,0x00000000a5f00000)
 Metaspace       used 99376K, committed 101120K, reserved 1179648K
  class space    used 10206K, committed 11072K, reserved 1048576K
}
Event: 8447.389 GC heap before
{Heap before GC invocations=1942 (full 6):
 PSYoungGen      total 10240K, used 10153K [0x00000000d5580000, 0x00000000d6680000, 0x0000000100000000)
  eden space 6656K, 100% used [0x00000000d5580000,0x00000000d5c00000,0x00000000d5c00000)
  from space 3584K, 97% used [0x00000000d6300000,0x00000000d666a7d0,0x00000000d6680000)
  to   space 4608K, 0% used [0x00000000d5d80000,0x00000000d5d80000,0x00000000d6200000)
 ParOldGen       total 621568K, used 621436K [0x0000000080000000, 0x00000000a5f00000, 0x00000000d5580000)
  object space 621568K, 99% used [0x0000000080000000,0x00000000a5edf338,0x00000000a5f00000)
 Metaspace       used 99376K, committed 101120K, reserved 1179648K
  class space    used 10206K, committed 11072K, reserved 1048576K
}
Event: 8447.391 GC heap after
{Heap after GC invocations=1942 (full 6):
 PSYoungGen      total 7680K, used 1012K [0x00000000d5580000, 0x00000000d6380000, 0x0000000100000000)
  eden space 6656K, 0% used [0x00000000d5580000,0x00000000d5580000,0x00000000d5c00000)
  from space 1024K, 98% used [0x00000000d5d80000,0x00000000d5e7d220,0x00000000d5e80000)
  to   space 2560K, 0% used [0x00000000d6100000,0x00000000d6100000,0x00000000d6380000)
 ParOldGen       total 623104K, used 622592K [0x0000000080000000, 0x00000000a6080000, 0x00000000d5580000)
  object space 623104K, 99% used [0x0000000080000000,0x00000000a6000110,0x00000000a6080000)
 Metaspace       used 99376K, committed 101120K, reserved 1179648K
  class space    used 10206K, committed 11072K, reserved 1048576K
}
Event: 8447.397 GC heap before
{Heap before GC invocations=1943 (full 6):
 PSYoungGen      total 7680K, used 7668K [0x00000000d5580000, 0x00000000d6380000, 0x0000000100000000)
  eden space 6656K, 100% used [0x00000000d5580000,0x00000000d5c00000,0x00000000d5c00000)
  from space 1024K, 98% used [0x00000000d5d80000,0x00000000d5e7d220,0x00000000d5e80000)
  to   space 2560K, 0% used [0x00000000d6100000,0x00000000d6100000,0x00000000d6380000)
 ParOldGen       total 623104K, used 622592K [0x0000000080000000, 0x00000000a6080000, 0x00000000d5580000)
  object space 623104K, 99% used [0x0000000080000000,0x00000000a6000110,0x00000000a6080000)
 Metaspace       used 99376K, committed 101120K, reserved 1179648K
  class space    used 10206K, committed 11072K, reserved 1048576K
}
Event: 8447.398 GC heap after
{Heap after GC invocations=1943 (full 6):
 PSYoungGen      total 7680K, used 864K [0x00000000d5580000, 0x00000000d6200000, 0x0000000100000000)
  eden space 6656K, 0% used [0x00000000d5580000,0x00000000d5580000,0x00000000d5c00000)
  from space 1024K, 84% used [0x00000000d6100000,0x00000000d61d8000,0x00000000d6200000)
  to   space 1536K, 0% used [0x00000000d5f00000,0x00000000d5f00000,0x00000000d6080000)
 ParOldGen       total 623616K, used 623382K [0x0000000080000000, 0x00000000a6100000, 0x00000000d5580000)
  object space 623616K, 99% used [0x0000000080000000,0x00000000a60c5918,0x00000000a6100000)
 Metaspace       used 99376K, committed 101120K, reserved 1179648K
  class space    used 10206K, committed 11072K, reserved 1048576K
}

Dll operation events (12 events):
Event: 0.014 Loaded shared library c:\Users\NGOC LINH\.antigravity\extensions\redhat.java-1.53.0-win32-x64\jre\21.0.10-win32-x86_64\bin\java.dll
Event: 0.075 Loaded shared library c:\Users\NGOC LINH\.antigravity\extensions\redhat.java-1.53.0-win32-x64\jre\21.0.10-win32-x86_64\bin\zip.dll
Event: 0.097 Loaded shared library C:\Users\NGOC LINH\.antigravity\extensions\redhat.java-1.53.0-win32-x64\jre\21.0.10-win32-x86_64\bin\instrument.dll
Event: 0.103 Loaded shared library C:\Users\NGOC LINH\.antigravity\extensions\redhat.java-1.53.0-win32-x64\jre\21.0.10-win32-x86_64\bin\net.dll
Event: 0.106 Loaded shared library C:\Users\NGOC LINH\.antigravity\extensions\redhat.java-1.53.0-win32-x64\jre\21.0.10-win32-x86_64\bin\nio.dll
Event: 0.109 Loaded shared library C:\Users\NGOC LINH\.antigravity\extensions\redhat.java-1.53.0-win32-x64\jre\21.0.10-win32-x86_64\bin\zip.dll
Event: 0.129 Loaded shared library C:\Users\NGOC LINH\.antigravity\extensions\redhat.java-1.53.0-win32-x64\jre\21.0.10-win32-x86_64\bin\jimage.dll
Event: 0.204 Loaded shared library c:\Users\NGOC LINH\.antigravity\extensions\redhat.java-1.53.0-win32-x64\jre\21.0.10-win32-x86_64\bin\verify.dll
Event: 11.985 Loaded shared library C:\Users\NGOC LINH\AppData\Roaming\Antigravity\User\globalStorage\redhat.java\1.53.0\config_win\org.eclipse.equinox.launcher\org.eclipse.equinox.launcher.win32.win32.x86_64_1.3.0.v20260203-2149\eclipse_11919.dll
Event: 25.410 Loaded shared library C:\Users\NGOC LINH\AppData\Local\Temp\jna--1013655830\jna14055541226555190811.dll
Event: 26.904 Loaded shared library C:\Users\NGOC LINH\.antigravity\extensions\redhat.java-1.53.0-win32-x64\jre\21.0.10-win32-x86_64\bin\sunmscapi.dll
Event: 27.019 Loaded shared library C:\Users\NGOC LINH\.antigravity\extensions\redhat.java-1.53.0-win32-x64\jre\21.0.10-win32-x86_64\bin\extnet.dll

Deoptimization events (20 events):
Event: 8422.116 Thread 0x00000197561c5420 Uncommon trap: trap_request=0xffffffde fr.pc=0x00000197094c94a0 relative=0x0000000000000540
Event: 8422.116 Thread 0x00000197561c5420 Uncommon trap: reason=class_check action=maybe_recompile pc=0x00000197094c94a0 method=org.eclipse.jdt.internal.compiler.parser.Parser.consumeMethodHeaderRightParen()V @ 63 c2
Event: 8422.116 Thread 0x00000197561c5420 DEOPT PACKING pc=0x00000197094c94a0 sp=0x0000000c0a8fe2e0
Event: 8422.116 Thread 0x00000197561c5420 DEOPT UNPACKING pc=0x0000019707583aa2 sp=0x0000000c0a8fe290 mode 2
Event: 8422.129 Thread 0x00000197561c5420 Uncommon trap: trap_request=0xffffffde fr.pc=0x000001970947e700 relative=0x0000000000000760
Event: 8422.129 Thread 0x00000197561c5420 Uncommon trap: reason=class_check action=maybe_recompile pc=0x000001970947e700 method=org.eclipse.jdt.internal.compiler.ast.AbstractMethodDeclaration.bindArguments()V @ 125 c2
Event: 8422.129 Thread 0x00000197561c5420 DEOPT PACKING pc=0x000001970947e700 sp=0x0000000c0a8fe500
Event: 8422.129 Thread 0x00000197561c5420 DEOPT UNPACKING pc=0x0000019707583aa2 sp=0x0000000c0a8fe480 mode 2
Event: 8422.133 Thread 0x00000197561c5420 Uncommon trap: trap_request=0xffffffde fr.pc=0x00000197094c94a0 relative=0x0000000000000540
Event: 8422.133 Thread 0x00000197561c5420 Uncommon trap: reason=class_check action=maybe_recompile pc=0x00000197094c94a0 method=org.eclipse.jdt.internal.compiler.parser.Parser.consumeMethodHeaderRightParen()V @ 63 c2
Event: 8422.133 Thread 0x00000197561c5420 DEOPT PACKING pc=0x00000197094c94a0 sp=0x0000000c0a8fe380
Event: 8422.133 Thread 0x00000197561c5420 DEOPT UNPACKING pc=0x0000019707583aa2 sp=0x0000000c0a8fe330 mode 2
Event: 8422.144 Thread 0x00000197561c5420 Uncommon trap: trap_request=0xffffffde fr.pc=0x000001970947e700 relative=0x0000000000000760
Event: 8422.145 Thread 0x00000197561c5420 Uncommon trap: reason=class_check action=maybe_recompile pc=0x000001970947e700 method=org.eclipse.jdt.internal.compiler.ast.AbstractMethodDeclaration.bindArguments()V @ 125 c2
Event: 8422.145 Thread 0x00000197561c5420 DEOPT PACKING pc=0x000001970947e700 sp=0x0000000c0a8fe5a0
Event: 8422.145 Thread 0x00000197561c5420 DEOPT UNPACKING pc=0x0000019707583aa2 sp=0x0000000c0a8fe520 mode 2
Event: 8447.382 Thread 0x00000197561c5420 Uncommon trap: trap_request=0xffffffde fr.pc=0x0000019708dfcd90 relative=0x0000000000000310
Event: 8447.382 Thread 0x00000197561c5420 Uncommon trap: reason=class_check action=maybe_recompile pc=0x0000019708dfcd90 method=org.eclipse.jdt.internal.compiler.ast.MessageSend.traverse(Lorg/eclipse/jdt/internal/compiler/ASTVisitor;Lorg/eclipse/jdt/internal/compiler/lookup/BlockScope;)V @ 50 c2
Event: 8447.382 Thread 0x00000197561c5420 DEOPT PACKING pc=0x0000019708dfcd90 sp=0x0000000c0a8fdfb0
Event: 8447.382 Thread 0x00000197561c5420 DEOPT UNPACKING pc=0x0000019707583aa2 sp=0x0000000c0a8fdf38 mode 2

Classes loaded (20 events):
Event: 7266.733 Loading class sun/security/ssl/SSLEngineOutputRecord$HandshakeFragment
Event: 7266.735 Loading class sun/security/ssl/SSLEngineOutputRecord$HandshakeFragment done
Event: 7266.736 Loading class sun/security/ssl/SSLEngineOutputRecord$HandshakeMemo
Event: 7266.736 Loading class sun/security/ssl/SSLEngineOutputRecord$RecordMemo
Event: 7266.736 Loading class sun/security/ssl/SSLEngineOutputRecord$RecordMemo done
Event: 7266.736 Loading class sun/security/ssl/SSLEngineOutputRecord$HandshakeMemo done
Event: 7266.769 Loading class sun/security/ssl/PreSharedKeyExtension$SHPreSharedKeySpec
Event: 7266.769 Loading class sun/security/ssl/PreSharedKeyExtension$SHPreSharedKeySpec done
Event: 7361.806 Loading class jdk/internal/module/IllegalAccessLogger
Event: 7361.806 Loading class jdk/internal/module/IllegalAccessLogger done
Event: 7363.280 Loading class jdk/internal/module/IllegalAccessLogger
Event: 7363.280 Loading class jdk/internal/module/IllegalAccessLogger done
Event: 7514.721 Loading class jdk/internal/module/IllegalAccessLogger
Event: 7514.722 Loading class jdk/internal/module/IllegalAccessLogger done
Event: 7523.288 Loading class jdk/internal/module/IllegalAccessLogger
Event: 7523.288 Loading class jdk/internal/module/IllegalAccessLogger done
Event: 7524.408 Loading class jdk/internal/module/IllegalAccessLogger
Event: 7524.408 Loading class jdk/internal/module/IllegalAccessLogger done
Event: 7546.905 Loading class java/nio/channels/CompletionHandler
Event: 7546.909 Loading class java/nio/channels/CompletionHandler done

Classes unloaded (20 events):
Event: 6801.271 Thread 0x000001977d6049c0 Unloading class 0x0000019710006800 'java/lang/invoke/LambdaForm$MH+0x0000019710006800'
Event: 6801.271 Thread 0x000001977d6049c0 Unloading class 0x0000019710006400 'java/lang/invoke/LambdaForm$MH+0x0000019710006400'
Event: 6801.271 Thread 0x000001977d6049c0 Unloading class 0x0000019710005c00 'java/lang/invoke/LambdaForm$BMH+0x0000019710005c00'
Event: 6801.271 Thread 0x000001977d6049c0 Unloading class 0x0000019710004800 'java/lang/invoke/LambdaForm$DMH+0x0000019710004800'
Event: 6801.271 Thread 0x000001977d6049c0 Unloading class 0x0000019710002800 'java/lang/invoke/LambdaForm$MH+0x0000019710002800'
Event: 6801.271 Thread 0x000001977d6049c0 Unloading class 0x0000019710002400 'java/lang/invoke/LambdaForm$MH+0x0000019710002400'
Event: 6801.271 Thread 0x000001977d6049c0 Unloading class 0x0000019710002000 'java/lang/invoke/LambdaForm$MH+0x0000019710002000'
Event: 6801.271 Thread 0x000001977d6049c0 Unloading class 0x0000019710001800 'java/lang/invoke/LambdaForm$MH+0x0000019710001800'
Event: 7515.070 Thread 0x000001977d6049c0 Unloading class 0x0000019710812c00 'java/lang/invoke/LambdaForm$MH+0x0000019710812c00'
Event: 7515.071 Thread 0x000001977d6049c0 Unloading class 0x00000197107f9400 'java/lang/invoke/LambdaForm$MH+0x00000197107f9400'
Event: 7515.071 Thread 0x000001977d6049c0 Unloading class 0x00000197107b9c00 'java/lang/invoke/LambdaForm$MH+0x00000197107b9c00'
Event: 7515.071 Thread 0x000001977d6049c0 Unloading class 0x00000197107b9800 'java/lang/invoke/LambdaForm$MH+0x00000197107b9800'
Event: 7515.071 Thread 0x000001977d6049c0 Unloading class 0x00000197107b9400 'java/lang/invoke/LambdaForm$MH+0x00000197107b9400'
Event: 7515.071 Thread 0x000001977d6049c0 Unloading class 0x00000197107b8800 'java/lang/invoke/LambdaForm$MH+0x00000197107b8800'
Event: 7515.071 Thread 0x000001977d6049c0 Unloading class 0x00000197107b8000 'java/lang/invoke/LambdaForm$MH+0x00000197107b8000'
Event: 7515.071 Thread 0x000001977d6049c0 Unloading class 0x000001971067c400 'java/lang/invoke/LambdaForm$MH+0x000001971067c400'
Event: 7515.071 Thread 0x000001977d6049c0 Unloading class 0x0000019710322000 'java/lang/invoke/LambdaForm$MH+0x0000019710322000'
Event: 7515.072 Thread 0x000001977d6049c0 Unloading class 0x0000019710232800 'java/lang/invoke/LambdaForm$MH+0x0000019710232800'
Event: 7515.072 Thread 0x000001977d6049c0 Unloading class 0x000001971022a000 'java/lang/invoke/LambdaForm$MH+0x000001971022a000'
Event: 7515.072 Thread 0x000001977d6049c0 Unloading class 0x0000019710018800 'java/lang/invoke/LambdaForm$MH+0x0000019710018800'

Classes redefined (0 events):
No events

Internal exceptions (20 events):
Event: 7267.161 Thread 0x0000019755905720 Exception <a 'sun/nio/fs/WindowsException'{0x00000000d569cf78}> (0x00000000d569cf78) 
thrown [s\src\hotspot\share\prims\jni.cpp, line 520]
Event: 7272.441 Thread 0x0000019755905720 Implicit null exception at 0x0000019708527d2f to 0x0000019708529c40
Event: 7361.495 Thread 0x0000019754f94a50 Exception <a 'sun/nio/fs/WindowsException'{0x00000000d58277c8}> (0x00000000d58277c8) 
thrown [s\src\hotspot\share\prims\jni.cpp, line 520]
Event: 7361.655 Thread 0x0000019754f94a50 Exception <a 'sun/nio/fs/WindowsException'{0x00000000d59497b8}> (0x00000000d59497b8) 
thrown [s\src\hotspot\share\prims\jni.cpp, line 520]
Event: 7361.993 Thread 0x000001975cca7480 Implicit null exception at 0x0000019709172c17 to 0x000001970917395e
Event: 7384.565 Thread 0x0000019754f922f0 Implicit null exception at 0x000001970878aade to 0x000001970878d1b4
Event: 7384.570 Thread 0x0000019754f922f0 Exception <a 'java/lang/NoSuchMethodError'{0x00000000d590ece0}: 'int java.lang.invoke.DirectMethodHandle$Holder.invokeVirtual(java.lang.Object, java.lang.Object, java.lang.Object, int)'> (0x00000000d590ece0) 
thrown [s\src\hotspot\share\interpreter\linkResolver.cpp, line 773]
Event: 7421.745 Thread 0x00000197561c3350 Exception <a 'sun/nio/fs/WindowsException'{0x00000000d56d0da0}> (0x00000000d56d0da0) 
thrown [s\src\hotspot\share\prims\jni.cpp, line 520]
Event: 7421.745 Thread 0x00000197561c3350 Exception <a 'sun/nio/fs/WindowsException'{0x00000000d56d1908}> (0x00000000d56d1908) 
thrown [s\src\hotspot\share\prims\jni.cpp, line 520]
Event: 7470.907 Thread 0x0000019755905720 Implicit null exception at 0x000001970878aade to 0x000001970878d1b4
Event: 7514.376 Thread 0x0000019754f94a50 Exception <a 'sun/nio/fs/WindowsException'{0x00000000d5686aa8}> (0x00000000d5686aa8) 
thrown [s\src\hotspot\share\prims\jni.cpp, line 520]
Event: 7514.677 Thread 0x0000019754f94a50 Exception <a 'sun/nio/fs/WindowsException'{0x00000000d58fc5f0}> (0x00000000d58fc5f0) 
thrown [s\src\hotspot\share\prims\jni.cpp, line 520]
Event: 7516.346 Thread 0x0000019754f94a50 Exception <a 'sun/nio/fs/WindowsException'{0x00000000d56bb1d8}> (0x00000000d56bb1d8) 
thrown [s\src\hotspot\share\prims\jni.cpp, line 520]
Event: 7516.542 Thread 0x0000019754f94a50 Exception <a 'sun/nio/fs/WindowsException'{0x00000000d597b908}> (0x00000000d597b908) 
thrown [s\src\hotspot\share\prims\jni.cpp, line 520]
Event: 7523.166 Thread 0x0000019754f94a50 Exception <a 'sun/nio/fs/WindowsException'{0x00000000d5e77178}> (0x00000000d5e77178) 
thrown [s\src\hotspot\share\prims\jni.cpp, line 520]
Event: 7523.326 Thread 0x0000019754f94a50 Exception <a 'sun/nio/fs/WindowsException'{0x00000000d55895c8}> (0x00000000d55895c8) 
thrown [s\src\hotspot\share\prims\jni.cpp, line 520]
Event: 7814.458 Thread 0x00000197561c4070 Exception <a 'sun/nio/fs/WindowsException'{0x00000000d591a380}> (0x00000000d591a380) 
thrown [s\src\hotspot\share\prims\jni.cpp, line 520]
Event: 7814.458 Thread 0x00000197561c4070 Exception <a 'sun/nio/fs/WindowsException'{0x00000000d591aee8}> (0x00000000d591aee8) 
thrown [s\src\hotspot\share\prims\jni.cpp, line 520]
Event: 8388.834 Thread 0x00000197561c5420 Exception <a 'sun/nio/fs/WindowsException'{0x00000000d5846698}> (0x00000000d5846698) 
thrown [s\src\hotspot\share\prims\jni.cpp, line 520]
Event: 8388.834 Thread 0x00000197561c5420 Exception <a 'sun/nio/fs/WindowsException'{0x00000000d5846f50}> (0x00000000d5846f50) 
thrown [s\src\hotspot\share\prims\jni.cpp, line 520]

ZGC Phase Switch (0 events):
No events

VM Operations (20 events):
Event: 8423.459 Executing safepoint VM operation: ParallelGCFailedAllocation (Allocation Failure)
Event: 8423.461 Executing safepoint VM operation: ParallelGCFailedAllocation (Allocation Failure) done
Event: 8424.461 Executing safepoint VM operation: Cleanup
Event: 8424.461 Executing safepoint VM operation: Cleanup done
Event: 8447.311 Executing safepoint VM operation: ParallelGCFailedAllocation (Allocation Failure)
Event: 8447.314 Executing safepoint VM operation: ParallelGCFailedAllocation (Allocation Failure) done
Event: 8447.323 Executing safepoint VM operation: ParallelGCFailedAllocation (Allocation Failure)
Event: 8447.324 Executing safepoint VM operation: ParallelGCFailedAllocation (Allocation Failure) done
Event: 8447.337 Executing safepoint VM operation: ParallelGCFailedAllocation (Allocation Failure)
Event: 8447.340 Executing safepoint VM operation: ParallelGCFailedAllocation (Allocation Failure) done
Event: 8447.374 Executing safepoint VM operation: ParallelGCFailedAllocation (Allocation Failure)
Event: 8447.376 Executing safepoint VM operation: ParallelGCFailedAllocation (Allocation Failure) done
Event: 8447.389 Executing safepoint VM operation: ParallelGCFailedAllocation (Allocation Failure)
Event: 8447.391 Executing safepoint VM operation: ParallelGCFailedAllocation (Allocation Failure) done
Event: 8447.397 Executing safepoint VM operation: ParallelGCFailedAllocation (Allocation Failure)
Event: 8447.398 Executing safepoint VM operation: ParallelGCFailedAllocation (Allocation Failure) done
Event: 8478.428 Executing non-safepoint VM operation: HandshakeAllThreads (HandshakeForDeflation)
Event: 8478.429 Executing non-safepoint VM operation: HandshakeAllThreads (HandshakeForDeflation) done
Event: 8478.429 Executing non-safepoint VM operation: RendezvousGCThreads
Event: 8478.429 Executing non-safepoint VM operation: RendezvousGCThreads done

Memory protections (0 events):
No events

Nmethod flushes (20 events):
Event: 7516.095 Thread 0x000001977d6049c0 flushing  nmethod 0x00000197030c1510
Event: 7516.095 Thread 0x000001977d6049c0 flushing  nmethod 0x00000197030c6310
Event: 7516.095 Thread 0x000001977d6049c0 flushing  nmethod 0x00000197030f7510
Event: 7516.095 Thread 0x000001977d6049c0 flushing  nmethod 0x0000019703106410
Event: 7516.095 Thread 0x000001977d6049c0 flushing  nmethod 0x0000019703116090
Event: 7516.095 Thread 0x000001977d6049c0 flushing  nmethod 0x0000019703171a10
Event: 7516.095 Thread 0x000001977d6049c0 flushing  nmethod 0x0000019703181910
Event: 7516.095 Thread 0x000001977d6049c0 flushing  nmethod 0x0000019703181f90
Event: 7516.095 Thread 0x000001977d6049c0 flushing  nmethod 0x0000019703219a10
Event: 7516.095 Thread 0x000001977d6049c0 flushing  nmethod 0x0000019703279390
Event: 7516.095 Thread 0x000001977d6049c0 flushing  nmethod 0x0000019703282390
Event: 7516.095 Thread 0x000001977d6049c0 flushing  nmethod 0x0000019703284690
Event: 7516.095 Thread 0x000001977d6049c0 flushing  nmethod 0x0000019703285890
Event: 7516.095 Thread 0x000001977d6049c0 flushing  nmethod 0x000001970328cb90
Event: 7516.095 Thread 0x000001977d6049c0 flushing  nmethod 0x00000197032b6a90
Event: 7516.095 Thread 0x000001977d6049c0 flushing  nmethod 0x00000197032e7990
Event: 7516.095 Thread 0x000001977d6049c0 flushing  nmethod 0x00000197033f3590
Event: 7516.095 Thread 0x000001977d6049c0 flushing  nmethod 0x00000197033fef10
Event: 7516.095 Thread 0x000001977d6049c0 flushing  nmethod 0x0000019703405010
Event: 7516.095 Thread 0x000001977d6049c0 flushing osr nmethod 0x0000019703413010

Events (20 events):
Event: 7858.984 Thread 0x0000019755907160 Thread exited: 0x0000019755907160
Event: 7918.998 Thread 0x0000019755902fc0 Thread exited: 0x0000019755902fc0
Event: 7979.009 Thread 0x0000019755907e80 Thread exited: 0x0000019755907e80
Event: 8039.040 Thread 0x0000019755902930 Thread exited: 0x0000019755902930
Event: 8099.037 Thread 0x00000197552e9240 Thread exited: 0x00000197552e9240
Event: 8159.063 Thread 0x00000197559022a0 Thread exited: 0x00000197559022a0
Event: 8377.323 Thread 0x0000019756e61b30 Thread added: 0x00000197561c1910
Event: 8377.381 Thread 0x00000197561c1910 Thread added: 0x00000197561c4700
Event: 8377.392 Thread 0x0000019756e61b30 Thread added: 0x00000197561c1280
Event: 8377.563 Thread 0x0000019756e61b30 Thread added: 0x00000197561c4d90
Event: 8377.678 Thread 0x0000019756e61b30 Thread added: 0x00000197561c5420
Event: 8377.944 Thread 0x00000197561c5420 Thread added: 0x00000197561c6140
Event: 8379.302 Thread 0x000001977ea83800 Thread added: 0x0000019756371a90
Event: 8379.871 Thread 0x00000197561c6140 Thread added: 0x00000197561c2cc0
Event: 8379.873 Thread 0x00000197561c5420 Thread added: 0x00000197561c6e60
Event: 8379.883 Thread 0x0000019756371a90 Thread exited: 0x0000019756371a90
Event: 8412.971 Thread 0x0000019775ecdb80 Thread added: 0x000001975636eae0
Event: 8413.340 Thread 0x000001975636eae0 Thread exited: 0x000001975636eae0
Event: 8507.414 Thread 0x00000197561c5420 Thread exited: 0x00000197561c5420
Event: 8567.422 Thread 0x00000197561c4700 Thread exited: 0x00000197561c4700


Dynamic libraries:
0x00007ff741eb0000 - 0x00007ff741ebe000 	c:\Users\NGOC LINH\.antigravity\extensions\redhat.java-1.53.0-win32-x64\jre\21.0.10-win32-x86_64\bin\java.exe
0x00007ff832c40000 - 0x00007ff832ea7000 	C:\WINDOWS\SYSTEM32\ntdll.dll
0x00007ff831ea0000 - 0x00007ff831f69000 	C:\WINDOWS\System32\KERNEL32.DLL
0x00007ff82fb40000 - 0x00007ff82ff31000 	C:\WINDOWS\System32\KERNELBASE.dll
0x00007ff830890000 - 0x00007ff8309db000 	C:\WINDOWS\System32\ucrtbase.dll
0x00007ff80dc50000 - 0x00007ff80dc6e000 	c:\Users\NGOC LINH\.antigravity\extensions\redhat.java-1.53.0-win32-x64\jre\21.0.10-win32-x86_64\bin\VCRUNTIME140.dll
0x00007ff80fa10000 - 0x00007ff80fa28000 	c:\Users\NGOC LINH\.antigravity\extensions\redhat.java-1.53.0-win32-x64\jre\21.0.10-win32-x86_64\bin\jli.dll
0x00007ff831880000 - 0x00007ff831a45000 	C:\WINDOWS\System32\USER32.dll
0x00007ff82ff40000 - 0x00007ff82ff67000 	C:\WINDOWS\System32\win32u.dll
0x00007ff8165e0000 - 0x00007ff816873000 	C:\WINDOWS\WinSxS\amd64_microsoft.windows.common-controls_6595b64144ccf1df_6.0.26100.8037_none_3e092faae333b53b\COMCTL32.dll
0x00007ff831e70000 - 0x00007ff831e9b000 	C:\WINDOWS\System32\GDI32.dll
0x00007ff82fa10000 - 0x00007ff82fb3b000 	C:\WINDOWS\System32\gdi32full.dll
0x00007ff82f960000 - 0x00007ff82fa03000 	C:\WINDOWS\System32\msvcp_win.dll
0x00007ff832b50000 - 0x00007ff832bf9000 	C:\WINDOWS\System32\msvcrt.dll
0x00007ff831f70000 - 0x00007ff831fa1000 	C:\WINDOWS\System32\IMM32.DLL
0x00007ff822d20000 - 0x00007ff822d2c000 	c:\Users\NGOC LINH\.antigravity\extensions\redhat.java-1.53.0-win32-x64\jre\21.0.10-win32-x86_64\bin\vcruntime140_1.dll
0x00007fffef780000 - 0x00007fffef80d000 	c:\Users\NGOC LINH\.antigravity\extensions\redhat.java-1.53.0-win32-x64\jre\21.0.10-win32-x86_64\bin\msvcp140.dll
0x00007fff9cf40000 - 0x00007fff9dce1000 	c:\Users\NGOC LINH\.antigravity\extensions\redhat.java-1.53.0-win32-x64\jre\21.0.10-win32-x86_64\bin\server\jvm.dll
0x00007ff831ce0000 - 0x00007ff831d9b000 	C:\WINDOWS\System32\ADVAPI32.dll
0x00007ff830ef0000 - 0x00007ff830f97000 	C:\WINDOWS\System32\sechost.dll
0x00007ff832a30000 - 0x00007ff832b48000 	C:\WINDOWS\System32\RPCRT4.dll
0x00007ff831df0000 - 0x00007ff831e64000 	C:\WINDOWS\System32\WS2_32.dll
0x00007ff82e140000 - 0x00007ff82e19e000 	C:\WINDOWS\SYSTEM32\POWRPROF.dll
0x00007ff824ed0000 - 0x00007ff824f05000 	C:\WINDOWS\SYSTEM32\WINMM.dll
0x00007ff827080000 - 0x00007ff82708b000 	C:\WINDOWS\SYSTEM32\VERSION.dll
0x00007ff82e120000 - 0x00007ff82e134000 	C:\WINDOWS\SYSTEM32\UMPDC.dll
0x00007ff82e3d0000 - 0x00007ff82e3eb000 	C:\WINDOWS\SYSTEM32\kernel.appcore.dll
0x00007ff8185b0000 - 0x00007ff8185ba000 	c:\Users\NGOC LINH\.antigravity\extensions\redhat.java-1.53.0-win32-x64\jre\21.0.10-win32-x86_64\bin\jimage.dll
0x00007ff82d5c0000 - 0x00007ff82d802000 	C:\WINDOWS\SYSTEM32\DBGHELP.DLL
0x00007ff8326a0000 - 0x00007ff832a22000 	C:\WINDOWS\System32\combase.dll
0x00007ff830bf0000 - 0x00007ff830cc7000 	C:\WINDOWS\System32\OLEAUT32.dll
0x00007ff817bd0000 - 0x00007ff817c0b000 	C:\WINDOWS\SYSTEM32\dbgcore.DLL
0x00007ff82ff70000 - 0x00007ff830015000 	C:\WINDOWS\System32\bcryptPrimitives.dll
0x00007ff8154d0000 - 0x00007ff8154df000 	c:\Users\NGOC LINH\.antigravity\extensions\redhat.java-1.53.0-win32-x64\jre\21.0.10-win32-x86_64\bin\instrument.dll
0x00007ff806d00000 - 0x00007ff806d20000 	c:\Users\NGOC LINH\.antigravity\extensions\redhat.java-1.53.0-win32-x64\jre\21.0.10-win32-x86_64\bin\java.dll
0x00007ff831110000 - 0x00007ff83186f000 	C:\WINDOWS\System32\SHELL32.dll
0x00007ff82f670000 - 0x00007ff82f7da000 	C:\WINDOWS\System32\wintypes.dll
0x00007ff830020000 - 0x00007ff830884000 	C:\WINDOWS\System32\windows.storage.dll
0x00007ff830af0000 - 0x00007ff830be7000 	C:\WINDOWS\System32\SHCORE.dll
0x00007ff831ad0000 - 0x00007ff831b37000 	C:\WINDOWS\System32\shlwapi.dll
0x00007ff82f440000 - 0x00007ff82f469000 	C:\WINDOWS\SYSTEM32\profapi.dll
0x00007ff8102e0000 - 0x00007ff8102f8000 	c:\Users\NGOC LINH\.antigravity\extensions\redhat.java-1.53.0-win32-x64\jre\21.0.10-win32-x86_64\bin\zip.dll
0x00007ff811c20000 - 0x00007ff811c30000 	C:\Users\NGOC LINH\.antigravity\extensions\redhat.java-1.53.0-win32-x64\jre\21.0.10-win32-x86_64\bin\net.dll
0x00007ff828b80000 - 0x00007ff828ca7000 	C:\WINDOWS\SYSTEM32\WINHTTP.dll
0x00007ff82e940000 - 0x00007ff82e9ab000 	C:\WINDOWS\system32\mswsock.dll
0x00007ff802590000 - 0x00007ff8025a6000 	C:\Users\NGOC LINH\.antigravity\extensions\redhat.java-1.53.0-win32-x64\jre\21.0.10-win32-x86_64\bin\nio.dll
0x00007ff811ba0000 - 0x00007ff811bb0000 	c:\Users\NGOC LINH\.antigravity\extensions\redhat.java-1.53.0-win32-x64\jre\21.0.10-win32-x86_64\bin\verify.dll
0x00007ffffb140000 - 0x00007ffffb185000 	C:\Users\NGOC LINH\AppData\Roaming\Antigravity\User\globalStorage\redhat.java\1.53.0\config_win\org.eclipse.equinox.launcher\org.eclipse.equinox.launcher.win32.win32.x86_64_1.3.0.v20260203-2149\eclipse_11919.dll
0x00007ff831b40000 - 0x00007ff831cd5000 	C:\WINDOWS\System32\ole32.dll
0x00007ff82ec20000 - 0x00007ff82ec3b000 	C:\WINDOWS\SYSTEM32\CRYPTSP.dll
0x00007ff82e330000 - 0x00007ff82e369000 	C:\WINDOWS\system32\rsaenh.dll
0x00007ff82e9f0000 - 0x00007ff82ea22000 	C:\WINDOWS\SYSTEM32\USERENV.dll
0x00007ff82f410000 - 0x00007ff82f43a000 	C:\WINDOWS\SYSTEM32\bcrypt.dll
0x00007ff82ec40000 - 0x00007ff82ec4c000 	C:\WINDOWS\SYSTEM32\CRYPTBASE.dll
0x00007ff82dd50000 - 0x00007ff82dd83000 	C:\WINDOWS\SYSTEM32\IPHLPAPI.DLL
0x00007ff832680000 - 0x00007ff83268a000 	C:\WINDOWS\System32\NSI.dll
0x00007ffff8ee0000 - 0x00007ffff8f29000 	C:\Users\NGOC LINH\AppData\Local\Temp\jna--1013655830\jna14055541226555190811.dll
0x00007ff832690000 - 0x00007ff832698000 	C:\WINDOWS\System32\PSAPI.DLL
0x00007ff8290d0000 - 0x00007ff8290ed000 	C:\WINDOWS\SYSTEM32\dhcpcsvc6.DLL
0x00007ff8290a0000 - 0x00007ff8290c3000 	C:\WINDOWS\SYSTEM32\dhcpcsvc.DLL
0x00007ff8089a0000 - 0x00007ff8089ae000 	C:\Users\NGOC LINH\.antigravity\extensions\redhat.java-1.53.0-win32-x64\jre\21.0.10-win32-x86_64\bin\sunmscapi.dll
0x00007ff82f7e0000 - 0x00007ff82f957000 	C:\WINDOWS\System32\CRYPT32.dll
0x00007ff82ee40000 - 0x00007ff82ee70000 	C:\WINDOWS\SYSTEM32\ncrypt.dll
0x00007ff82edf0000 - 0x00007ff82ee2f000 	C:\WINDOWS\SYSTEM32\NTASN1.dll
0x00007ff82dd90000 - 0x00007ff82deba000 	C:\WINDOWS\SYSTEM32\DNSAPI.dll
0x00007ff828020000 - 0x00007ff82802b000 	C:\Windows\System32\rasadhlp.dll
0x00007ff8293e0000 - 0x00007ff829466000 	C:\WINDOWS\System32\fwpuclnt.dll
0x00007ff8081c0000 - 0x00007ff8081c9000 	C:\Users\NGOC LINH\.antigravity\extensions\redhat.java-1.53.0-win32-x64\jre\21.0.10-win32-x86_64\bin\extnet.dll
0x00007ff82e4f0000 - 0x00007ff82e526000 	C:\WINDOWS\SYSTEM32\ntmarta.dll

JVMTI agents:
c:\Users\NGOC LINH\.antigravity\extensions\redhat.java-1.53.0-win32-x64\lombok\lombok-1.18.39-4050.jar path:c:\Users\NGOC LINH\.antigravity\extensions\redhat.java-1.53.0-win32-x64\jre\21.0.10-win32-x86_64\bin\instrument.dll, loaded, initialized, instrumentlib options:none

dbghelp: loaded successfully - version: 4.0.5 - missing functions: none
symbol engine: initialized successfully - sym options: 0x614 - pdb path: .;c:\Users\NGOC LINH\.antigravity\extensions\redhat.java-1.53.0-win32-x64\jre\21.0.10-win32-x86_64\bin;C:\WINDOWS\SYSTEM32;C:\WINDOWS\WinSxS\amd64_microsoft.windows.common-controls_6595b64144ccf1df_6.0.26100.8037_none_3e092faae333b53b;c:\Users\NGOC LINH\.antigravity\extensions\redhat.java-1.53.0-win32-x64\jre\21.0.10-win32-x86_64\bin\server;C:\Users\NGOC LINH\AppData\Roaming\Antigravity\User\globalStorage\redhat.java\1.53.0\config_win\org.eclipse.equinox.launcher\org.eclipse.equinox.launcher.win32.win32.x86_64_1.3.0.v20260203-2149;C:\Users\NGOC LINH\AppData\Local\Temp\jna--1013655830

VM Arguments:
jvm_args: --add-modules=ALL-SYSTEM --add-opens=java.base/java.util=ALL-UNNAMED --add-opens=java.base/java.lang=ALL-UNNAMED --add-opens=java.base/sun.nio.fs=ALL-UNNAMED -Declipse.application=org.eclipse.jdt.ls.core.id1 -Dosgi.bundles.defaultStartLevel=4 -Declipse.product=org.eclipse.jdt.ls.core.product -Djava.import.generatesMetadataFilesAtProjectRoot=false -DDetectVMInstallationsJob.disabled=true -Dfile.encoding=utf8 -XX:+UseParallelGC -XX:GCTimeRatio=4 -XX:AdaptiveSizePolicyWeight=90 -Dsun.zip.disableMemoryMapping=true -Xmx2G -Xms100m -Xlog:disable -javaagent:c:\Users\NGOC LINH\.antigravity\extensions\redhat.java-1.53.0-win32-x64\lombok\lombok-1.18.39-4050.jar -XX:+HeapDumpOnOutOfMemoryError -XX:HeapDumpPath=c:\Users\NGOC LINH\AppData\Roaming\Antigravity\User\workspaceStorage\9814f86777a331f84de4230b4e021a05\redhat.java -Daether.dependencyCollector.impl=bf 
java_command: c:\Users\NGOC LINH\.antigravity\extensions\redhat.java-1.53.0-win32-x64\server\plugins\org.eclipse.equinox.launcher_1.7.100.v20251111-0406.jar -configuration c:\Users\NGOC LINH\AppData\Roaming\Antigravity\User\globalStorage\redhat.java\1.53.0\config_win -data c:\Users\NGOC LINH\AppData\Roaming\Antigravity\User\workspaceStorage\9814f86777a331f84de4230b4e021a05\redhat.java\jdt_ws --pipe=\\.\pipe\lsp-d1b3eecdb5c9d6df7b60b47da814fff9-sock
java_class_path (initial): c:\Users\NGOC LINH\.antigravity\extensions\redhat.java-1.53.0-win32-x64\server\plugins\org.eclipse.equinox.launcher_1.7.100.v20251111-0406.jar
Launcher Type: SUN_STANDARD

[Global flags]
    uintx AdaptiveSizePolicyWeight                 = 90                                        {product} {command line}
     intx CICompilerCount                          = 4                                         {product} {ergonomic}
    uintx GCTimeRatio                              = 4                                         {product} {command line}
     bool HeapDumpOnOutOfMemoryError               = true                                   {manageable} {command line}
    ccstr HeapDumpPath                             = c:\Users\NGOC LINH\AppData\Roaming\Antigravity\User\workspaceStorage\9814f86777a331f84de4230b4e021a05\redhat.java         {manageable} {command line}
   size_t InitialHeapSize                          = 104857600                                 {product} {command line}
   size_t MaxHeapSize                              = 2147483648                                {product} {command line}
   size_t MaxNewSize                               = 715653120                                 {product} {ergonomic}
   size_t MinHeapDeltaBytes                        = 524288                                    {product} {ergonomic}
   size_t MinHeapSize                              = 104857600                                 {product} {command line}
   size_t NewSize                                  = 34603008                                  {product} {ergonomic}
    uintx NonNMethodCodeHeapSize                   = 5839372                                {pd product} {ergonomic}
    uintx NonProfiledCodeHeapSize                  = 122909434                              {pd product} {ergonomic}
   size_t OldSize                                  = 70254592                                  {product} {ergonomic}
    uintx ProfiledCodeHeapSize                     = 122909434                              {pd product} {ergonomic}
    uintx ReservedCodeCacheSize                    = 251658240                              {pd product} {ergonomic}
     bool SegmentedCodeCache                       = true                                      {product} {ergonomic}
   size_t SoftMaxHeapSize                          = 2147483648                             {manageable} {ergonomic}
     bool UseCompressedOops                        = true                           {product lp64_product} {ergonomic}
     bool UseLargePagesIndividualAllocation        = false                                  {pd product} {ergonomic}
     bool UseParallelGC                            = true                                      {product} {command line}

Logging:
Log output configuration:
 #0: stdout all=off uptime,level,tags foldmultilines=false
 #1: stderr all=off uptime,level,tags foldmultilines=false

Release file:
JAVA_VERSION="21.0.10" 
MODULES="java.base java.compiler java.datatransfer java.xml java.prefs java.desktop java.instrument java.logging java.management java.security.sasl java.naming java.rmi java.management.rmi java.net.http java.scripting java.security.jgss java.transaction.xa java.sql java.sql.rowset java.xml.crypto java.se java.smartcardio jdk.accessibility jdk.internal.jvmstat jdk.attach jdk.charsets jdk.internal.opt jdk.zipfs jdk.compiler jdk.crypto.ec jdk.crypto.cryptoki jdk.crypto.mscapi jdk.dynalink jdk.internal.ed jdk.editpad jdk.hotspot.agent jdk.httpserver jdk.internal.le jdk.internal.vm.ci jdk.internal.vm.compiler jdk.internal.vm.compiler.management jdk.jartool jdk.javadoc jdk.jcmd jdk.management jdk.management.agent jdk.jconsole jdk.jdeps jdk.jdwp.agent jdk.jdi jdk.jfr jdk.jshell jdk.jsobject jdk.jstatd jdk.localedata jdk.management.jfr jdk.naming.dns jdk.naming.rmi jdk.net jdk.nio.mapmode jdk.random jdk.sctp jdk.security.auth jdk.security.jgss jdk.unsupported jdk.unsupported.desktop jdk.xml.dom" 

Environment Variables:
JAVA_HOME=D:\Java\Apache NetBeans\jdk
PATH=C:\Program Files (x86)\VMware\VMware Workstation\bin\;C:\WINDOWS\system32;C:\WINDOWS;C:\WINDOWS\System32\Wbem;C:\WINDOWS\System32\WindowsPowerShell\v1.0\;C:\WINDOWS\System32\OpenSSH\;D:\Java\Apache NetBeans\jdk\bin;C:\Program Files\dotnet\;E:\Setup_Cursor\cursor\resources\app\bin;C:\Program Files (x86)\Microsoft SQL Server\160\Tools\Binn\;C:\Program Files\Microsoft SQL Server\160\Tools\Binn\;C:\Program Files\Microsoft SQL Server\Client SDK\ODBC\170\Tools\Binn\;C:\Program Files\Microsoft SQL Server\160\DTS\Binn\;E:\Setup_Github\Git\cmd;C:\Program Files\Microsoft SQL Server\150\Tools\Binn\;C:\Program Files\Microsoft SQL Server\170\Tools\Binn\;C:\Program Files\nodejs\;C:\Program Files (x86)\Microsoft SQL Server\160\DTS\Binn\;C:\Users\NGOC LINH\.local\bin;C:\Program Files\MySQL\MySQL Shell 8.0\bin\;C:\Users\NGOC LINH\AppData\Local\Programs\Python\Python313\Scripts\;C:\Users\NGOC LINH\AppData\Local\Programs\Python\Python313\;C:\Users\NGOC LINH\AppData\Local\Programs\Python\Launcher\;C:\Users\NGOC LINH\AppData\Local\Microsoft\WindowsApps;C:\Users\NGOC LINH\AppData\Local\Programs\Microsoft VS Code\bin;C:\Users\NGOC LINH\.dotnet\tools;C:\Users\NGOC LINH\AppData\Roaming\npm;E:\Setup_Antigravity\Antigravity\bin;E:\test_vnpay\apache-maven-3.9.14\bin;
USERNAME=NGOC LINH
OS=Windows_NT
PROCESSOR_IDENTIFIER=Intel64 Family 6 Model 154 Stepping 3, GenuineIntel
TMP=C:\Users\NGOCLI~1\AppData\Local\Temp
TEMP=C:\Users\NGOCLI~1\AppData\Local\Temp




Periodic native trim disabled

---------------  S Y S T E M  ---------------

OS:
 Windows 11 , 64 bit Build 26100 (10.0.26100.7920)
OS uptime: 33 days 19:08 hours

CPU: total 12 (initial active 12) (6 cores per cpu, 2 threads per core) family 6 model 154 stepping 3 microcode 0x41c, cx8, cmov, fxsr, ht, mmx, 3dnowpref, sse, sse2, sse3, ssse3, sse4.1, sse4.2, popcnt, lzcnt, tsc, tscinvbit, avx, avx2, aes, erms, clmul, bmi1, bmi2, adx, sha, fma, vzeroupper, clflush, clflushopt, clwb, serialize, rdtscp, rdpid, fsrm, f16c, pku, cet_ibt, cet_ss
Processor Information for processor 0
  Max Mhz: 2000, Current Mhz: 2000, Mhz Limit: 2000
Processor Information for processor 1
  Max Mhz: 2000, Current Mhz: 2000, Mhz Limit: 2000
Processor Information for processor 2
  Max Mhz: 2000, Current Mhz: 2000, Mhz Limit: 2000
Processor Information for processor 3
  Max Mhz: 2000, Current Mhz: 2000, Mhz Limit: 2000
Processor Information for processor 4
  Max Mhz: 2000, Current Mhz: 2000, Mhz Limit: 2000
Processor Information for processor 5
  Max Mhz: 2000, Current Mhz: 2000, Mhz Limit: 2000
Processor Information for processor 6
  Max Mhz: 2000, Current Mhz: 2000, Mhz Limit: 2000
Processor Information for processor 7
  Max Mhz: 2000, Current Mhz: 2000, Mhz Limit: 2000
Processor Information for processor 8
  Max Mhz: 2000, Current Mhz: 1500, Mhz Limit: 1500
Processor Information for processor 9
  Max Mhz: 2000, Current Mhz: 1500, Mhz Limit: 1500
Processor Information for processor 10
  Max Mhz: 2000, Current Mhz: 1500, Mhz Limit: 1500
Processor Information for processor 11
  Max Mhz: 2000, Current Mhz: 1500, Mhz Limit: 1500

Memory: 4k page, system-wide physical 7813M (402M free)
TotalPageFile size 22050M (AvailPageFile size 39M)
current process WorkingSet (physical memory assigned to process): 11M, peak: 747M
current process commit charge ("private bytes"): 1037M, peak: 1797M

vm_info: OpenJDK 64-Bit Server VM (21.0.10+7-LTS) for windows-amd64 JRE (21.0.10+7-LTS), built on 2026-01-20T00:00:00Z by "admin" with MS VC++ 17.12 (VS2022)

END.
